
*** Running vivado
    with args -log Seg.vds -m64 -product Vivado -mode batch -messageDb vivado.pb -notrace -source Seg.tcl



****** Vivado v2024.1 (64-bit)
  **** SW Build 5076996 on Wed May 22 18:37:14 MDT 2024
  **** IP Build 5075265 on Wed May 22 21:45:21 MDT 2024
  **** SharedData Build 5076995 on Wed May 22 18:29:18 MDT 2024
  **** Start of session at: Thu Aug 15 17:39:08 2024
    ** Copyright 1986-2022 Xilinx, Inc. All Rights Reserved.
    ** Copyright 2022-2024 Advanced Micro Devices, Inc. All Rights Reserved.

source Seg.tcl -notrace
create_project: Time (s): cpu = 00:00:00 ; elapsed = 00:00:18 . Memory (MB): peak = 565.637 ; gain = 235.246
Command: read_checkpoint -auto_incremental -incremental {C:/Users/andy8/Documents/Vivado/7Seg Display/project_1.srcs/utils_1/imports/synth_1/Seg.dcp}
INFO: [Vivado 12-5825] Read reference checkpoint from C:/Users/andy8/Documents/Vivado/7Seg Display/project_1.srcs/utils_1/imports/synth_1/Seg.dcp for incremental synthesis
INFO: [Vivado 12-7989] Please ensure there are no constraint changes
Command: synth_design -top Seg -part xc7a35tcpg236-1
Starting synth_design
Attempting to get a license for feature 'Synthesis' and/or device 'xc7a35t'
INFO: [Common 17-349] Got license for feature 'Synthesis' and/or device 'xc7a35t'
INFO: [Device 21-403] Loading part xc7a35tcpg236-1
INFO: [Device 21-9227] Part: xc7a35tcpg236-1 does not have CEAM library.
INFO: [Designutils 20-5440] No compile time benefit to using incremental synthesis; A full resynthesis will be run
INFO: [Designutils 20-4379] Flow is switching to default flow due to incremental criteria not met. If you would like to alter this behaviour and have the flow terminate instead, please set the following parameter config_implementation {autoIncr.Synth.RejectBehavior Terminate}
INFO: [Synth 8-7079] Multithreading enabled for synth_design using a maximum of 2 processes.
INFO: [Synth 8-7078] Launching helper process for spawning children vivado processes
INFO: [Synth 8-7075] Helper process launched with PID 5888
---------------------------------------------------------------------------------
Starting RTL Elaboration : Time (s): cpu = 00:00:00 ; elapsed = 00:00:06 . Memory (MB): peak = 1416.223 ; gain = 447.793
---------------------------------------------------------------------------------
WARNING: [Synth 8-10929] literal value 'hFFFF truncated to fit in 8 bits [C:/Users/andy8/Documents/Vivado/7Seg Display/project_1.srcs/sources_1/new/7-Seg.v:47]
INFO: [Synth 8-6157] synthesizing module 'Seg' [C:/Users/andy8/Documents/Vivado/7Seg Display/project_1.srcs/sources_1/new/7-Seg.v:23]
WARNING: [Synth 8-6090] variable 'clkDivReg' is written by both blocking and non-blocking assignments, entire logic could be removed [C:/Users/andy8/Documents/Vivado/7Seg Display/project_1.srcs/sources_1/new/7-Seg.v:51]
INFO: [Synth 8-155] case statement is not full and has no default [C:/Users/andy8/Documents/Vivado/7Seg Display/project_1.srcs/sources_1/new/7-Seg.v:58]
INFO: [Synth 8-6155] done synthesizing module 'Seg' (0#1) [C:/Users/andy8/Documents/Vivado/7Seg Display/project_1.srcs/sources_1/new/7-Seg.v:23]
WARNING: [Synth 8-3848] Net led in module/entity Seg does not have driver. [C:/Users/andy8/Documents/Vivado/7Seg Display/project_1.srcs/sources_1/new/7-Seg.v:30]
WARNING: [Synth 8-7129] Port led[0] in module Seg is either unconnected or has no load
WARNING: [Synth 8-7129] Port led[1] in module Seg is either unconnected or has no load
WARNING: [Synth 8-7129] Port led[2] in module Seg is either unconnected or has no load
WARNING: [Synth 8-7129] Port led[3] in module Seg is either unconnected or has no load
WARNING: [Synth 8-7129] Port led[4] in module Seg is either unconnected or has no load
WARNING: [Synth 8-7129] Port led[5] in module Seg is either unconnected or has no load
WARNING: [Synth 8-7129] Port led[6] in module Seg is either unconnected or has no load
WARNING: [Synth 8-7129] Port led[7] in module Seg is either unconnected or has no load
---------------------------------------------------------------------------------
Finished RTL Elaboration : Time (s): cpu = 00:00:01 ; elapsed = 00:00:08 . Memory (MB): peak = 1528.766 ; gain = 560.336
---------------------------------------------------------------------------------
---------------------------------------------------------------------------------
Start Handling Custom Attributes
---------------------------------------------------------------------------------
---------------------------------------------------------------------------------
Finished Handling Custom Attributes : Time (s): cpu = 00:00:01 ; elapsed = 00:00:08 . Memory (MB): peak = 1528.766 ; gain = 560.336
---------------------------------------------------------------------------------
---------------------------------------------------------------------------------
Finished RTL Optimization Phase 1 : Time (s): cpu = 00:00:01 ; elapsed = 00:00:08 . Memory (MB): peak = 1528.766 ; gain = 560.336
---------------------------------------------------------------------------------
Netlist sorting complete. Time (s): cpu = 00:00:00 ; elapsed = 00:00:00.002 . Memory (MB): peak = 1528.766 ; gain = 0.000
INFO: [Project 1-570] Preparing netlist for logic optimization

Processing XDC Constraints
Initializing timing engine
Parsing XDC File [C:/Users/andy8/Documents/Vivado/7Seg Display/project_1.srcs/constrs_1/new/master.xdc]
WARNING: [Vivado 12-507] No nets matched 'clk_IBUF'. [C:/Users/andy8/Documents/Vivado/7Seg Display/project_1.srcs/constrs_1/new/master.xdc:160]
CRITICAL WARNING: [Common 17-55] 'set_property' expects at least one object. [C:/Users/andy8/Documents/Vivado/7Seg Display/project_1.srcs/constrs_1/new/master.xdc:160]
Resolution: If [get_<value>] was used to populate the object, check to make sure this command returns at least one valid object.
Finished Parsing XDC File [C:/Users/andy8/Documents/Vivado/7Seg Display/project_1.srcs/constrs_1/new/master.xdc]
INFO: [Project 1-236] Implementation specific constraints were found while reading constraint file [C:/Users/andy8/Documents/Vivado/7Seg Display/project_1.srcs/constrs_1/new/master.xdc]. These constraints will be ignored for synthesis but will be used in implementation. Impacted constraints are listed in the file [.Xil/Seg_propImpl.xdc].
Resolution: To avoid this warning, move constraints listed in [.Xil/Seg_propImpl.xdc] to another XDC file and exclude this new file from synthesis with the used_in_synthesis property (File Properties dialog in GUI) and re-run elaboration/synthesis.
Completed Processing XDC Constraints

Netlist sorting complete. Time (s): cpu = 00:00:00 ; elapsed = 00:00:00 . Memory (MB): peak = 1620.230 ; gain = 0.000
INFO: [Project 1-111] Unisim Transformation Summary:
No Unisim elements were transformed.

Constraint Validation Runtime : Time (s): cpu = 00:00:00 ; elapsed = 00:00:00.002 . Memory (MB): peak = 1620.230 ; gain = 0.000
INFO: [Designutils 20-5440] No compile time benefit to using incremental synthesis; A full resynthesis will be run
INFO: [Designutils 20-4379] Flow is switching to default flow due to incremental criteria not met. If you would like to alter this behaviour and have the flow terminate instead, please set the following parameter config_implementation {autoIncr.Synth.RejectBehavior Terminate}
---------------------------------------------------------------------------------
Finished Constraint Validation : Time (s): cpu = 00:00:01 ; elapsed = 00:00:16 . Memory (MB): peak = 1620.230 ; gain = 651.801
---------------------------------------------------------------------------------
---------------------------------------------------------------------------------
Start Loading Part and Timing Information
---------------------------------------------------------------------------------
Loading part: xc7a35tcpg236-1
---------------------------------------------------------------------------------
Finished Loading Part and Timing Information : Time (s): cpu = 00:00:01 ; elapsed = 00:00:16 . Memory (MB): peak = 1620.230 ; gain = 651.801
---------------------------------------------------------------------------------
---------------------------------------------------------------------------------
Start Applying 'set_property' XDC Constraints
---------------------------------------------------------------------------------
---------------------------------------------------------------------------------
Finished applying 'set_property' XDC Constraints : Time (s): cpu = 00:00:01 ; elapsed = 00:00:16 . Memory (MB): peak = 1620.230 ; gain = 651.801
---------------------------------------------------------------------------------
INFO: [Synth 8-802] inferred FSM for state register 'state_reg' in module 'Seg'
---------------------------------------------------------------------------------------------------
                   State |                     New Encoding |                Previous Encoding 
---------------------------------------------------------------------------------------------------
                    seg1 |                                0 |                               00
                    seg2 |                                1 |                               01
---------------------------------------------------------------------------------------------------
INFO: [Synth 8-3354] encoded FSM with state register 'state_reg' using encoding 'sequential' in module 'Seg'
---------------------------------------------------------------------------------
Finished RTL Optimization Phase 2 : Time (s): cpu = 00:00:01 ; elapsed = 00:00:16 . Memory (MB): peak = 1620.230 ; gain = 651.801
---------------------------------------------------------------------------------
---------------------------------------------------------------------------------
Start RTL Component Statistics 
---------------------------------------------------------------------------------
Detailed RTL Component Info : 
+---Adders : 
	   2 Input   12 Bit       Adders := 1     
+---Registers : 
	               12 Bit    Registers := 1     
	                7 Bit    Registers := 1     
	                4 Bit    Registers := 1     
	                1 Bit    Registers := 1     
+---Muxes : 
	   2 Input    7 Bit        Muxes := 1     
	   2 Input    4 Bit        Muxes := 1     
	   2 Input    1 Bit        Muxes := 2     
---------------------------------------------------------------------------------
Finished RTL Component Statistics 
---------------------------------------------------------------------------------
---------------------------------------------------------------------------------
Start Part Resource Summary
---------------------------------------------------------------------------------
Part Resources:
DSPs: 90 (col length:60)
BRAMs: 100 (col length: RAMB18 60 RAMB36 30)
---------------------------------------------------------------------------------
Finished Part Resource Summary
---------------------------------------------------------------------------------
---------------------------------------------------------------------------------
Start Cross Boundary and Area Optimization
---------------------------------------------------------------------------------
WARNING: [Synth 8-7080] Parallel synthesis criteria is not met
WARNING: [Synth 8-7129] Port led[0] in module Seg is either unconnected or has no load
WARNING: [Synth 8-7129] Port led[1] in module Seg is either unconnected or has no load
WARNING: [Synth 8-7129] Port led[2] in module Seg is either unconnected or has no load
WARNING: [Synth 8-7129] Port led[3] in module Seg is either unconnected or has no load
WARNING: [Synth 8-7129] Port led[4] in module Seg is either unconnected or has no load
WARNING: [Synth 8-7129] Port led[5] in module Seg is either unconnected or has no load
WARNING: [Synth 8-7129] Port led[6] in module Seg is either unconnected or has no load
WARNING: [Synth 8-7129] Port led[7] in module Seg is either unconnected or has no load
---------------------------------------------------------------------------------
Finished Cross Boundary and Area Optimization : Time (s): cpu = 00:00:01 ; elapsed = 00:00:18 . Memory (MB): peak = 1620.230 ; gain = 651.801
---------------------------------------------------------------------------------
---------------------------------------------------------------------------------
Start Applying XDC Timing Constraints
---------------------------------------------------------------------------------
---------------------------------------------------------------------------------
Finished Applying XDC Timing Constraints : Time (s): cpu = 00:00:01 ; elapsed = 00:00:25 . Memory (MB): peak = 1620.230 ; gain = 651.801
---------------------------------------------------------------------------------
---------------------------------------------------------------------------------
Start Timing Optimization
---------------------------------------------------------------------------------
---------------------------------------------------------------------------------
Finished Timing Optimization : Time (s): cpu = 00:00:01 ; elapsed = 00:00:25 . Memory (MB): peak = 1620.230 ; gain = 651.801
---------------------------------------------------------------------------------
---------------------------------------------------------------------------------
Start Technology Mapping
---------------------------------------------------------------------------------
---------------------------------------------------------------------------------
Finished Technology Mapping : Time (s): cpu = 00:00:01 ; elapsed = 00:00:25 . Memory (MB): peak = 1620.230 ; gain = 651.801
---------------------------------------------------------------------------------
---------------------------------------------------------------------------------
Start IO Insertion
---------------------------------------------------------------------------------
---------------------------------------------------------------------------------
Start Flattening Before IO Insertion
---------------------------------------------------------------------------------
---------------------------------------------------------------------------------
Finished Flattening Before IO Insertion
---------------------------------------------------------------------------------
---------------------------------------------------------------------------------
Start Final Netlist Cleanup
---------------------------------------------------------------------------------
---------------------------------------------------------------------------------
Finished Final Netlist Cleanup
---------------------------------------------------------------------------------
---------------------------------------------------------------------------------
Finished IO Insertion : Time (s): cpu = 00:00:01 ; elapsed = 00:00:29 . Memory (MB): peak = 1620.230 ; gain = 651.801
---------------------------------------------------------------------------------
---------------------------------------------------------------------------------
Start Renaming Generated Instances
---------------------------------------------------------------------------------
---------------------------------------------------------------------------------
Finished Renaming Generated Instances : Time (s): cpu = 00:00:01 ; elapsed = 00:00:29 . Memory (MB): peak = 1620.230 ; gain = 651.801
---------------------------------------------------------------------------------
---------------------------------------------------------------------------------
Start Rebuilding User Hierarchy
---------------------------------------------------------------------------------
---------------------------------------------------------------------------------
Finished Rebuilding User Hierarchy : Time (s): cpu = 00:00:01 ; elapsed = 00:00:29 . Memory (MB): peak = 1620.230 ; gain = 651.801
---------------------------------------------------------------------------------
---------------------------------------------------------------------------------
Start Renaming Generated Ports
---------------------------------------------------------------------------------
---------------------------------------------------------------------------------
Finished Renaming Generated Ports : Time (s): cpu = 00:00:01 ; elapsed = 00:00:29 . Memory (MB): peak = 1620.230 ; gain = 651.801
---------------------------------------------------------------------------------
---------------------------------------------------------------------------------
Start Handling Custom Attributes
---------------------------------------------------------------------------------
---------------------------------------------------------------------------------
Finished Handling Custom Attributes : Time (s): cpu = 00:00:01 ; elapsed = 00:00:29 . Memory (MB): peak = 1620.230 ; gain = 651.801
---------------------------------------------------------------------------------
---------------------------------------------------------------------------------
Start Renaming Generated Nets
---------------------------------------------------------------------------------
---------------------------------------------------------------------------------
Finished Renaming Generated Nets : Time (s): cpu = 00:00:01 ; elapsed = 00:00:29 . Memory (MB): peak = 1620.230 ; gain = 651.801
---------------------------------------------------------------------------------
---------------------------------------------------------------------------------
Start Writing Synthesis Report
---------------------------------------------------------------------------------

Report BlackBoxes: 
+-+--------------+----------+
| |BlackBox name |Instances |
+-+--------------+----------+
+-+--------------+----------+

Report Cell Usage: 
+------+-------+------+
|      |Cell   |Count |
+------+-------+------+
|1     |BUFG   |     1|
|2     |CARRY4 |     3|
|3     |LUT1   |     2|
|4     |LUT4   |    11|
|5     |LUT6   |     8|
|6     |FDRE   |    23|
|7     |IBUF   |     9|
|8     |OBUF   |    11|
|9     |OBUFT  |     8|
+------+-------+------+
---------------------------------------------------------------------------------
Finished Writing Synthesis Report : Time (s): cpu = 00:00:01 ; elapsed = 00:00:29 . Memory (MB): peak = 1620.230 ; gain = 651.801
---------------------------------------------------------------------------------
Synthesis finished with 0 errors, 0 critical warnings and 9 warnings.
Synthesis Optimization Runtime : Time (s): cpu = 00:00:00 ; elapsed = 00:00:28 . Memory (MB): peak = 1620.230 ; gain = 560.336
Synthesis Optimization Complete : Time (s): cpu = 00:00:01 ; elapsed = 00:00:29 . Memory (MB): peak = 1620.230 ; gain = 651.801
INFO: [Project 1-571] Translating synthesized netlist
Netlist sorting complete. Time (s): cpu = 00:00:00 ; elapsed = 00:00:00.001 . Memory (MB): peak = 1620.230 ; gain = 0.000
INFO: [Netlist 29-17] Analyzing 3 Unisim elements for replacement
INFO: [Netlist 29-28] Unisim Transformation completed in 0 CPU seconds
INFO: [Project 1-570] Preparing netlist for logic optimization
INFO: [Opt 31-138] Pushed 0 inverter(s) to 0 load pin(s).
Netlist sorting complete. Time (s): cpu = 00:00:00 ; elapsed = 00:00:00 . Memory (MB): peak = 1620.230 ; gain = 0.000
INFO: [Project 1-111] Unisim Transformation Summary:
No Unisim elements were transformed.

Synth Design complete | Checksum: bfe461de
INFO: [Common 17-83] Releasing license: Synthesis
27 Infos, 21 Warnings, 1 Critical Warnings and 0 Errors encountered.
synth_design completed successfully
synth_design: Time (s): cpu = 00:00:01 ; elapsed = 00:00:51 . Memory (MB): peak = 1620.230 ; gain = 1049.680
INFO: [runtcl-6] Synthesis results are not added to the cache due to CRITICAL_WARNING
Write ShapeDB Complete: Time (s): cpu = 00:00:00 ; elapsed = 00:00:00.002 . Memory (MB): peak = 1620.230 ; gain = 0.000
INFO: [Common 17-1381] The checkpoint 'C:/Users/andy8/Documents/Vivado/7Seg Display/project_1.runs/synth_1/Seg.dcp' has been generated.
INFO: [Vivado 12-24828] Executing command : report_utilization -file Seg_utilization_synth.rpt -pb Seg_utilization_synth.pb
INFO: [Common 17-206] Exiting Vivado at Thu Aug 15 17:40:25 2024...
